2025-11-21 13:04:20 [main] INFO  Log - Launch the browser
2025-11-21 13:04:54 [main] INFO  Log - Maximizing the browser
2025-11-21 13:04:55 [main] INFO  Log - Implementing implicitwait
2025-11-21 13:04:56 [main] INFO  Log - Navigating to test url
2025-11-21 13:05:12 [main] INFO  Log - Starting login test
2025-11-21 13:05:12 [main] INFO  Log - Adding credentials
2025-11-21 13:05:12 [main] INFO  Log - Clicking the login link
2025-11-21 13:05:19 [main] INFO  Log - Enterning the emailid
2025-11-21 13:05:20 [main] INFO  Log - Entering the password
2025-11-21 13:05:20 [main] INFO  Log - Clicking login button
2025-11-21 13:05:23 [main] INFO  Log - Verifying the title
2025-11-21 13:05:23 [main] INFO  Log - Closing the browser
2025-11-21 16:57:03 [main] INFO  Log - Launch the browser
2025-11-21 16:57:42 [main] INFO  Log - Maximizing the browser
2025-11-21 16:57:42 [main] INFO  Log - Implementing implicitwait
2025-11-21 16:57:43 [main] INFO  Log - Navigating to test url
2025-11-21 16:57:47 [main] INFO  Log - Starting login test
2025-11-21 16:57:47 [main] INFO  Log - Adding credentials
2025-11-21 16:57:47 [main] INFO  Log - Clicking the login link
2025-11-21 16:57:49 [main] INFO  Log - Enterning the emailid
2025-11-21 16:57:49 [main] INFO  Log - Entering the password
2025-11-21 16:57:49 [main] INFO  Log - Clicking login button
2025-11-21 16:57:50 [main] INFO  Log - Verifying the title
2025-11-21 16:57:50 [main] INFO  Log - Closing the browser
2025-11-21 18:20:10 [main] INFO  Log - Launch the browser
2025-11-21 18:20:43 [main] INFO  Log - Maximizing the browser
2025-11-21 18:20:44 [main] INFO  Log - Implementing implicitwait
2025-11-21 18:20:44 [main] INFO  Log - Navigating to test url
2025-11-21 18:20:49 [main] INFO  Log - Starting login test
2025-11-21 18:20:49 [main] INFO  Log - Adding credentials
2025-11-21 18:20:49 [main] INFO  Log - Clicking the login link
2025-11-21 18:20:52 [main] INFO  Log - Enterning the emailid
2025-11-21 18:20:53 [main] INFO  Log - Entering the password
2025-11-21 18:20:53 [main] INFO  Log - Clicking login button
2025-11-21 18:20:54 [main] INFO  Log - Verifying the title
2025-11-21 18:20:55 [main] INFO  Log - Closing the browser
2025-11-21 18:30:57 [main] INFO  Log - Launch the browser
2025-11-21 18:31:23 [main] INFO  Log - Maximizing the browser
2025-11-21 18:31:24 [main] INFO  Log - Implementing implicitwait
2025-11-21 18:31:24 [main] INFO  Log - Navigating to test url
2025-11-21 18:31:28 [main] INFO  Log - Starting login test
2025-11-21 18:31:28 [main] INFO  Log - Adding invalid credentials
2025-11-21 18:31:28 [main] INFO  Log - Clicking the login link
2025-11-21 18:31:30 [main] INFO  Log - Enterning the emailid
2025-11-21 18:31:30 [main] INFO  Log - Entering the password
2025-11-21 18:31:30 [main] INFO  Log - Clicking login button
2025-11-21 18:31:31 [main] INFO  Log - Verifying the title
2025-11-21 18:31:32 [main] INFO  Log - Closing the browser
2025-11-21 18:31:35 [main] INFO  Log - Launch the browser
2025-11-21 18:31:43 [main] INFO  Log - Maximizing the browser
2025-11-21 18:31:43 [main] INFO  Log - Implementing implicitwait
2025-11-21 18:31:43 [main] INFO  Log - Navigating to test url
2025-11-21 18:31:49 [main] INFO  Log - Starting login test
2025-11-21 18:31:49 [main] INFO  Log - Adding credentials
2025-11-21 18:31:49 [main] INFO  Log - Clicking the login link
2025-11-21 18:31:50 [main] INFO  Log - Enterning the emailid
2025-11-21 18:31:50 [main] INFO  Log - Entering the password
2025-11-21 18:31:50 [main] INFO  Log - Clicking login button
2025-11-21 18:31:51 [main] INFO  Log - Verifying the title
2025-11-21 18:31:51 [main] INFO  Log - Closing the browser
2025-11-24 15:18:04 [main] INFO  Log - Launch the browser
2025-11-24 15:18:53 [main] INFO  Log - Maximizing the browser
2025-11-24 15:18:53 [main] INFO  Log - Implementing implicitwait
2025-11-24 15:18:53 [main] INFO  Log - Navigating to test url
2025-11-24 15:18:58 [main] INFO  Log - Starting login test
2025-11-24 15:18:59 [main] INFO  Log - Adding credentials
2025-11-24 15:18:59 [main] INFO  Log - Clicking the login link
2025-11-24 15:19:10 [main] INFO  Log - Enterning the emailid
2025-11-24 15:19:14 [main] INFO  Log - Entering the password
2025-11-24 15:19:16 [main] INFO  Log - Clicking login button
2025-11-24 15:19:21 [main] INFO  Log - Verifying the title
2025-11-24 15:19:22 [main] INFO  Log - Closing the browser
2025-11-24 18:02:04 [main] INFO  Log - Launch the browser
2025-11-24 18:02:41 [main] INFO  Log - Maximizing the browser
2025-11-24 18:02:41 [main] INFO  Log - Implementing implicitwait
2025-11-24 18:02:42 [main] INFO  Log - Navigating to test url
2025-11-24 18:02:45 [main] INFO  Log - Starting login test
2025-11-24 18:02:46 [main] INFO  Log - Adding credentials
2025-11-24 18:02:46 [main] INFO  Log - Clicking the login link
2025-11-24 18:02:49 [main] INFO  Log - Enterning the emailid
2025-11-24 18:02:51 [main] INFO  Log - Entering the password
2025-11-24 18:02:52 [main] INFO  Log - Clicking login button
2025-11-24 18:02:55 [main] INFO  Log - Verifying the title
2025-11-24 18:02:55 [main] INFO  Log - Closing the browser
2025-11-24 18:13:30 [main] INFO  Log - Launch the browser
2025-11-24 18:13:45 [main] INFO  Log - Maximizing the browser
2025-11-24 18:13:45 [main] INFO  Log - Implementing implicitwait
2025-11-24 18:13:45 [main] INFO  Log - Navigating to test url
2025-11-24 18:13:50 [main] INFO  Log - Starting login test
2025-11-24 18:13:50 [main] INFO  Log - Adding credentials
2025-11-24 18:13:50 [main] INFO  Log - Clicking the login link
2025-11-24 18:13:52 [main] INFO  Log - Enterning the emailid
2025-11-24 18:13:52 [main] INFO  Log - Entering the password
2025-11-24 18:13:52 [main] INFO  Log - Clicking login button
2025-11-24 18:13:53 [main] INFO  Log - Verifying the title
2025-11-24 18:13:53 [main] INFO  Log - Closing the browser
2025-11-24 18:13:58 [main] INFO  Log - Launch the browser
2025-11-24 18:14:06 [main] INFO  Log - Maximizing the browser
2025-11-24 18:14:06 [main] INFO  Log - Implementing implicitwait
2025-11-24 18:14:06 [main] INFO  Log - Navigating to test url
2025-11-24 18:14:16 [main] INFO  Log - Starting login test
2025-11-24 18:14:16 [main] INFO  Log - Adding credentials
2025-11-24 18:14:16 [main] INFO  Log - Clicking the login link
2025-11-24 18:14:21 [main] INFO  Log - Enterning the emailid
2025-11-24 18:14:22 [main] INFO  Log - Entering the password
2025-11-24 18:14:22 [main] INFO  Log - Clicking login button
2025-11-24 18:14:27 [main] INFO  Log - Verifying the title
2025-11-24 18:14:27 [main] INFO  Log - Closing the browser
2025-11-24 18:14:31 [main] INFO  Log - Launch the browser
2025-11-24 18:14:40 [main] INFO  Log - Maximizing the browser
2025-11-24 18:14:40 [main] INFO  Log - Implementing implicitwait
2025-11-24 18:14:40 [main] INFO  Log - Navigating to test url
2025-11-24 18:14:48 [main] INFO  Log - Starting login test
2025-11-24 18:14:48 [main] INFO  Log - Adding credentials
2025-11-24 18:14:48 [main] INFO  Log - Clicking the login link
2025-11-24 18:14:50 [main] INFO  Log - Enterning the emailid
2025-11-24 18:14:50 [main] INFO  Log - Entering the password
2025-11-24 18:14:50 [main] INFO  Log - Clicking login button
2025-11-24 18:14:51 [main] INFO  Log - Verifying the title
2025-11-24 18:14:51 [main] INFO  Log - Closing the browser
2025-11-24 18:14:57 [main] INFO  Log - Launch the browser
2025-11-24 18:15:10 [main] INFO  Log - Maximizing the browser
2025-11-24 18:15:10 [main] INFO  Log - Implementing implicitwait
2025-11-24 18:15:10 [main] INFO  Log - Navigating to test url
2025-11-24 18:15:19 [main] INFO  Log - Starting login test
2025-11-24 18:15:19 [main] INFO  Log - Adding credentials
2025-11-24 18:15:19 [main] INFO  Log - Clicking the login link
2025-11-24 18:15:20 [main] INFO  Log - Enterning the emailid
2025-11-24 18:15:20 [main] INFO  Log - Entering the password
2025-11-24 18:15:20 [main] INFO  Log - Clicking login button
2025-11-24 18:15:22 [main] INFO  Log - Verifying the title
2025-11-24 18:15:22 [main] INFO  Log - Closing the browser
2025-11-24 18:21:28 [main] INFO  Log - Launch the browser
2025-11-24 18:21:36 [main] INFO  Log - Maximizing the browser
2025-11-24 18:21:36 [main] INFO  Log - Implementing implicitwait
2025-11-24 18:21:36 [main] INFO  Log - Navigating to test url
2025-11-24 18:21:41 [main] INFO  Log - Starting login test
2025-11-24 18:21:41 [main] INFO  Log - Adding credentials
2025-11-24 18:21:41 [main] INFO  Log - Clicking the login link
2025-11-24 18:21:42 [main] INFO  Log - Enterning the emailid
2025-11-24 18:21:42 [main] INFO  Log - Entering the password
2025-11-24 18:21:42 [main] INFO  Log - Clicking login button
2025-11-24 18:21:45 [main] INFO  Log - Verifying the title
2025-11-24 18:21:45 [main] INFO  Log - Closing the browser
2025-11-24 18:21:55 [main] INFO  Log - Launch the browser
2025-11-24 18:22:03 [main] INFO  Log - Maximizing the browser
2025-11-24 18:22:03 [main] INFO  Log - Implementing implicitwait
2025-11-24 18:22:03 [main] INFO  Log - Navigating to test url
2025-11-24 18:22:07 [main] INFO  Log - Starting login test
2025-11-24 18:22:07 [main] INFO  Log - Adding credentials
2025-11-24 18:22:07 [main] INFO  Log - Clicking the login link
2025-11-24 18:22:08 [main] INFO  Log - Enterning the emailid
2025-11-24 18:22:08 [main] INFO  Log - Entering the password
2025-11-24 18:22:08 [main] INFO  Log - Clicking login button
2025-11-24 18:22:09 [main] INFO  Log - Verifying the title
2025-11-24 18:22:09 [main] INFO  Log - Closing the browser
2025-11-24 18:22:12 [main] INFO  Log - Launch the browser
2025-11-24 18:22:21 [main] INFO  Log - Maximizing the browser
2025-11-24 18:22:21 [main] INFO  Log - Implementing implicitwait
2025-11-24 18:22:21 [main] INFO  Log - Navigating to test url
2025-11-24 18:22:25 [main] INFO  Log - Starting login test
2025-11-24 18:22:25 [main] INFO  Log - Adding credentials
2025-11-24 18:22:25 [main] INFO  Log - Clicking the login link
2025-11-24 18:22:26 [main] INFO  Log - Enterning the emailid
2025-11-24 18:22:26 [main] INFO  Log - Entering the password
2025-11-24 18:22:27 [main] INFO  Log - Clicking login button
2025-11-24 18:22:27 [main] INFO  Log - Verifying the title
2025-11-24 18:22:27 [main] INFO  Log - Closing the browser
2025-11-24 18:22:31 [main] INFO  Log - Launch the browser
2025-11-24 18:22:38 [main] INFO  Log - Maximizing the browser
2025-11-24 18:22:38 [main] INFO  Log - Implementing implicitwait
2025-11-24 18:22:38 [main] INFO  Log - Navigating to test url
2025-11-24 18:22:42 [main] INFO  Log - Starting login test
2025-11-24 18:22:42 [main] INFO  Log - Adding credentials
2025-11-24 18:22:42 [main] INFO  Log - Clicking the login link
2025-11-24 18:22:43 [main] INFO  Log - Enterning the emailid
2025-11-24 18:22:43 [main] INFO  Log - Entering the password
2025-11-24 18:22:43 [main] INFO  Log - Clicking login button
2025-11-24 18:22:43 [main] INFO  Log - Verifying the title
2025-11-24 18:22:44 [main] INFO  Log - Closing the browser
